c:\users\zxnkxn\source\repos\gfx-dx11\hdr-scene\x64\release\vc145.pdb
c:\users\zxnkxn\source\repos\gfx-dx11\hdr-scene\x64\release\renderer.obj
c:\users\zxnkxn\source\repos\gfx-dx11\hdr-scene\x64\release\main.obj
c:\users\zxnkxn\source\repos\gfx-dx11\x64\release\fullscreen_vertex_shader.cso
c:\users\zxnkxn\source\repos\gfx-dx11\x64\release\luminance_adapt_pixel_shader.cso
c:\users\zxnkxn\source\repos\gfx-dx11\x64\release\luminance_initial_pixel_shader.cso
c:\users\zxnkxn\source\repos\gfx-dx11\x64\release\luminance_reduce_pixel_shader.cso
c:\users\zxnkxn\source\repos\gfx-dx11\x64\release\scene_pixel_shader.cso
c:\users\zxnkxn\source\repos\gfx-dx11\x64\release\scene_vertex_shader.cso
c:\users\zxnkxn\source\repos\gfx-dx11\x64\release\tone_mapping_pixel_shader.cso
c:\users\zxnkxn\source\repos\gfx-dx11\x64\release\hdr-scene.exe
c:\users\zxnkxn\source\repos\gfx-dx11\x64\release\hdr-scene.pdb
c:\users\zxnkxn\source\repos\gfx-dx11\hdr-scene\x64\release\hdr-scene.ipdb
c:\users\zxnkxn\source\repos\gfx-dx11\hdr-scene\x64\release\hdr-scene.iobj
c:\users\zxnkxn\source\repos\gfx-dx11\hdr-scene\x64\release\hdr-scene.vcxproj.filelistabsolute.txt
c:\users\zxnkxn\source\repos\gfx-dx11\hdr-scene\x64\release\hdr-scene.tlog\cl.command.1.tlog
c:\users\zxnkxn\source\repos\gfx-dx11\hdr-scene\x64\release\hdr-scene.tlog\cl.items.tlog
c:\users\zxnkxn\source\repos\gfx-dx11\hdr-scene\x64\release\hdr-scene.tlog\cl.read.1.tlog
c:\users\zxnkxn\source\repos\gfx-dx11\hdr-scene\x64\release\hdr-scene.tlog\cl.write.1.tlog
c:\users\zxnkxn\source\repos\gfx-dx11\hdr-scene\x64\release\hdr-scene.tlog\fxc.command.1.tlog
c:\users\zxnkxn\source\repos\gfx-dx11\hdr-scene\x64\release\hdr-scene.tlog\fxc.read.1.tlog
c:\users\zxnkxn\source\repos\gfx-dx11\hdr-scene\x64\release\hdr-scene.tlog\fxc.write.1.tlog
c:\users\zxnkxn\source\repos\gfx-dx11\hdr-scene\x64\release\hdr-scene.tlog\link.command.1.tlog
c:\users\zxnkxn\source\repos\gfx-dx11\hdr-scene\x64\release\hdr-scene.tlog\link.read.1.tlog
c:\users\zxnkxn\source\repos\gfx-dx11\hdr-scene\x64\release\hdr-scene.tlog\link.secondary.1.tlog
c:\users\zxnkxn\source\repos\gfx-dx11\hdr-scene\x64\release\hdr-scene.tlog\link.write.1.tlog
