c:\users\zxnkxn\source\repos\gfx-dx11\ibl-diffuse\x64\release\vc145.pdb
c:\users\zxnkxn\source\repos\gfx-dx11\ibl-diffuse\x64\release\renderer.obj
c:\users\zxnkxn\source\repos\gfx-dx11\ibl-diffuse\x64\release\main.obj
c:\users\zxnkxn\source\repos\gfx-dx11\ibl-diffuse\x64\release\hdri_loader.obj
c:\users\zxnkxn\source\repos\gfx-dx11\ibl-diffuse\x64\release\gltf_loader.obj
c:\users\zxnkxn\source\repos\gfx-dx11\x64\release\brdf_integration_pixel_shader.cso
c:\users\zxnkxn\source\repos\gfx-dx11\ibl-diffuse\x64\release\brdf_integration_pixel_shader.cso
c:\users\zxnkxn\source\repos\gfx-dx11\x64\release\cubemap_capture_vertex_shader.cso
c:\users\zxnkxn\source\repos\gfx-dx11\ibl-diffuse\x64\release\cubemap_capture_vertex_shader.cso
c:\users\zxnkxn\source\repos\gfx-dx11\x64\release\equirectangular_to_cubemap_pixel_shader.cso
c:\users\zxnkxn\source\repos\gfx-dx11\ibl-diffuse\x64\release\equirectangular_to_cubemap_pixel_shader.cso
c:\users\zxnkxn\source\repos\gfx-dx11\x64\release\fullscreen_vertex_shader.cso
c:\users\zxnkxn\source\repos\gfx-dx11\ibl-diffuse\x64\release\fullscreen_vertex_shader.cso
c:\users\zxnkxn\source\repos\gfx-dx11\x64\release\irradiance_convolution_pixel_shader.cso
c:\users\zxnkxn\source\repos\gfx-dx11\ibl-diffuse\x64\release\irradiance_convolution_pixel_shader.cso
c:\users\zxnkxn\source\repos\gfx-dx11\x64\release\prefilter_environment_pixel_shader.cso
c:\users\zxnkxn\source\repos\gfx-dx11\ibl-diffuse\x64\release\prefilter_environment_pixel_shader.cso
c:\users\zxnkxn\source\repos\gfx-dx11\x64\release\pbr_scene_pixel_shader.cso
c:\users\zxnkxn\source\repos\gfx-dx11\ibl-diffuse\x64\release\pbr_scene_pixel_shader.cso
c:\users\zxnkxn\source\repos\gfx-dx11\x64\release\pbr_scene_vertex_shader.cso
c:\users\zxnkxn\source\repos\gfx-dx11\ibl-diffuse\x64\release\pbr_scene_vertex_shader.cso
c:\users\zxnkxn\source\repos\gfx-dx11\x64\release\sky_pixel_shader.cso
c:\users\zxnkxn\source\repos\gfx-dx11\ibl-diffuse\x64\release\sky_pixel_shader.cso
c:\users\zxnkxn\source\repos\gfx-dx11\x64\release\sky_vertex_shader.cso
c:\users\zxnkxn\source\repos\gfx-dx11\ibl-diffuse\x64\release\sky_vertex_shader.cso
c:\users\zxnkxn\source\repos\gfx-dx11\x64\release\ibl-diffuse.exe
c:\users\zxnkxn\source\repos\gfx-dx11\x64\release\ibl-diffuse.pdb
c:\users\zxnkxn\source\repos\gfx-dx11\ibl-diffuse\x64\release\ibl-diffuse.exe
c:\users\zxnkxn\source\repos\gfx-dx11\ibl-diffuse\x64\release\ibl-diffuse.pdb
c:\users\zxnkxn\source\repos\gfx-dx11\ibl-diffuse\x64\release\ibl-diffuse.ipdb
c:\users\zxnkxn\source\repos\gfx-dx11\ibl-diffuse\x64\release\ibl-diffuse.iobj
c:\users\zxnkxn\source\repos\gfx-dx11\ibl-diffuse\x64\release\ibl-diffuse.vcxproj.filelistabsolute.txt
c:\users\zxnkxn\source\repos\gfx-dx11\ibl-diffuse\x64\release\ibl-diffuse.tlog\cl.command.1.tlog
c:\users\zxnkxn\source\repos\gfx-dx11\ibl-diffuse\x64\release\ibl-diffuse.tlog\cl.items.tlog
c:\users\zxnkxn\source\repos\gfx-dx11\ibl-diffuse\x64\release\ibl-diffuse.tlog\cl.read.1.tlog
c:\users\zxnkxn\source\repos\gfx-dx11\ibl-diffuse\x64\release\ibl-diffuse.tlog\cl.write.1.tlog
c:\users\zxnkxn\source\repos\gfx-dx11\ibl-diffuse\x64\release\ibl-diffuse.tlog\fxc.command.1.tlog
c:\users\zxnkxn\source\repos\gfx-dx11\ibl-diffuse\x64\release\ibl-diffuse.tlog\fxc.read.1.tlog
c:\users\zxnkxn\source\repos\gfx-dx11\ibl-diffuse\x64\release\ibl-diffuse.tlog\fxc.write.1.tlog
c:\users\zxnkxn\source\repos\gfx-dx11\ibl-diffuse\x64\release\ibl-diffuse.tlog\link.command.1.tlog
c:\users\zxnkxn\source\repos\gfx-dx11\ibl-diffuse\x64\release\ibl-diffuse.tlog\link.read.1.tlog
c:\users\zxnkxn\source\repos\gfx-dx11\ibl-diffuse\x64\release\ibl-diffuse.tlog\link.secondary.1.tlog
c:\users\zxnkxn\source\repos\gfx-dx11\ibl-diffuse\x64\release\ibl-diffuse.tlog\link.write.1.tlog
